#
# A fatal error has been detected by the Java Runtime Environment:
#
#  EXCEPTION_ACCESS_VIOLATION (0xc0000005) at pc=0x5d6345e2, pid=5464, tid=5184
#
# JRE version: 6.0_17-b04
# Java VM: Java HotSpot(TM) Client VM (14.3-b01 mixed mode windows-x86 )
# Problematic frame:
# C  0x5d6345e2
#
# If you would like to submit a bug report, please visit:
#   http://java.sun.com/webapps/bugreport/crash.jsp
# The crash happened outside the Java Virtual Machine in native code.
# See problematic frame for where to report the bug.
#

---------------  T H R E A D  ---------------

Current thread (0x1e658800):  JavaThread "XPCOM" daemon [_thread_in_native, id=5184, stack(0x26c70000,0x26cf0000)]

siginfo: ExceptionCode=0xc0000005, reading address 0x00000000

Registers:
EAX=0x00000000, EBX=0x00000000, ECX=0x47f6e7a4, EDX=0x48043000
ESP=0x26ced940, EBP=0x26ced950, ESI=0x80000000, EDI=0x47fdd040
EIP=0x5d6345e2, EFLAGS=0x00010202

Top of Stack: (sp=0x26ced940)
0x26ced940:   5dc98f2c 00000000 480df69c 00003637
0x26ced950:   26ced970 5d7d1703 47f6e7a0 480df68c
0x26ced960:   00000000 480ac3e8 00000000 00000000
0x26ced970:   26ced99c 5d21c308 47f42850 480df68c
0x26ced980:   00000000 480ac3e8 00000000 00003637
0x26ced990:   80000000 47d7c560 5daf1608 26ced9e4
0x26ced9a0:   5d221b0a 47d7c560 47d7c560 00000000
0x26ced9b0:   480ac3e8 00000000 00003637 00000000 

Instructions: (pc=0x5d6345e2)
0x5d6345d2:   85 c0 74 06 8b 08 50 ff 51 04 8b 87 a0 00 00 00
0x5d6345e2:   8b 08 6a 00 ff 75 08 50 ff 51 0c 8d 4d 08 e8 43 


Stack: [0x26c70000,0x26cf0000],  sp=0x26ced940,  free space=502k
Native frames: (J=compiled Java code, j=interpreted, Vv=VM code, C=native code)
C  0x5d6345e2
C  0x5d7d1703
C  0x5d21c308
C  0x5d221b0a

Java frames: (J=compiled Java code, j=interpreted, Vv=VM code)
j  com.teamdev.jxbrowser.gecko15.xpcom.XPCOMJavaProxy.CallXPCOMMethod(Ljava/lang/Object;Ljava/lang/String;Ljava/lang/String;[Ljava/lang/Object;)Ljava/lang/Object;+0
j  com.teamdev.jxbrowser.gecko15.xpcom.XPCOMJavaProxy.invoke(Ljava/lang/Object;Ljava/lang/reflect/Method;[Ljava/lang/Object;)Ljava/lang/Object;+97
j  $Proxy22.run()V+9
j  com.teamdev.jxbrowser.gecko15.xpcom.AppShellMozillaThread.a()V+20
j  com.teamdev.jxbrowser.gecko15.xpcom.AppShellMozillaThread.a(Lcom/teamdev/jxbrowser/gecko15/xpcom/AppShellMozillaThread;)V+1
j  com.teamdev.jxbrowser.gecko15.xpcom.AppShellMozillaThread$a.run()V+30
j  java.lang.Thread.run()V+11
v  ~StubRoutines::call_stub

---------------  P R O C E S S  ---------------

Java Threads: ( => current thread )
  0x1ebb5400 JavaThread "Image Fetcher 1" daemon [_thread_blocked, id=5144, stack(0x47c40000,0x47cc0000)]
  0x1ebb5800 JavaThread "Browser Events Thread" daemon [_thread_blocked, id=3748, stack(0x3c7f0000,0x3c870000)]
  0x1e65b000 JavaThread "XPCOMThread" [_thread_in_native, id=1144, stack(0x699e0000,0x6a1e0000)]
  0x1e659400 JavaThread "Image Fetcher 0" daemon [_thread_blocked, id=3696, stack(0x26bf0000,0x26c70000)]
  0x1e658c00 JavaThread "com.jniwrapper.NativeResourceCollector" daemon [_thread_blocked, id=4196, stack(0x26f50000,0x26fd0000)]
=>0x1e658800 JavaThread "XPCOM" daemon [_thread_in_native, id=5184, stack(0x26c70000,0x26cf0000)]
  0x1ebb4000 JavaThread "Code Analyzer updating thread" [_thread_blocked, id=3024, stack(0x1f270000,0x1f2f0000)]
  0x1ebb6000 JavaThread "Swing-Shell" daemon [_thread_blocked, id=6136, stack(0x096e0000,0x09760000)]
  0x1ebb3c00 JavaThread "Code Analyzer updating thread" [_thread_blocked, id=3188, stack(0x1fd50000,0x1fdd0000)]
  0x1ebb3400 JavaThread "Active Reference Queue Daemon" daemon [_thread_blocked, id=4472, stack(0x1fcd0000,0x1fd50000)]
  0x1ebb3000 JavaThread "Timer-1" daemon [_thread_blocked, id=920, stack(0x1fc50000,0x1fcd0000)]
  0x1e65c800 JavaThread "ClipboardMonitor Timer" daemon [_thread_blocked, id=3428, stack(0x1fb60000,0x1fbe0000)]
  0x1e65ac00 JavaThread "Explorer NavigationContext request queue" daemon [_thread_blocked, id=4240, stack(0x1fa60000,0x1fae0000)]
  0x1e65a400 JavaThread "AddressBar directory emptiness poller" daemon [_thread_blocked, id=3048, stack(0x1f9e0000,0x1fa60000)]
  0x1e659800 JavaThread "Explorer Refresh Service 8758028" daemon [_thread_blocked, id=3564, stack(0x1f960000,0x1f9e0000)]
  0x1e658000 JavaThread "Thread-4" daemon [_thread_blocked, id=6124, stack(0x0fe70000,0x0fef0000)]
  0x1e655800 JavaThread "TimerQueue" daemon [_thread_blocked, id=4364, stack(0x05bd0000,0x05c50000)]
  0x1e657000 JavaThread "AWT-EventQueue-0" [_thread_blocked, id=5200, stack(0x05e50000,0x05ed0000)]
  0x1e657400 JavaThread "AWT-Shutdown" [_thread_blocked, id=2252, stack(0x05dd0000,0x05e50000)]
  0x1e657c00 JavaThread "Thread-3" daemon [_thread_blocked, id=5532, stack(0x05ed0000,0x05f50000)]
  0x1e656800 JavaThread "FelixPackageAdmin" daemon [_thread_blocked, id=5892, stack(0x05d50000,0x05dd0000)]
  0x1e656400 JavaThread "FelixStartLevel" daemon [_thread_blocked, id=5936, stack(0x05cd0000,0x05d50000)]
  0x1e655c00 JavaThread "FelixDispatchQueue" daemon [_thread_blocked, id=5372, stack(0x05c50000,0x05cd0000)]
  0x07180c00 JavaThread "com.google.common.base.internal.Finalizer" daemon [_thread_blocked, id=5984, stack(0x0fef0000,0x0ff70000)]
  0x1e3f9000 JavaThread "AWT-Windows" daemon [_thread_in_native, id=6044, stack(0x0fcf0000,0x0fd70000)]
  0x1e3ff800 JavaThread "Java2D Disposer" daemon [_thread_blocked, id=4220, stack(0x0fbf0000,0x0fc70000)]
  0x1e04b000 JavaThread "Timer-0" [_thread_blocked, id=5792, stack(0x0faa0000,0x0fb20000)]
  0x0f0fd400 JavaThread "EventMgr Dispatcher" daemon [_thread_in_native, id=5868, stack(0x0f1d0000,0x0f9d0000)]
  0x0716c800 JavaThread "Low Memory Detector" daemon [_thread_blocked, id=5480, stack(0x0da00000,0x0da80000)]
  0x07168400 JavaThread "CompilerThread0" daemon [_thread_blocked, id=4200, stack(0x0d200000,0x0da00000)]
  0x0715d800 JavaThread "Attach Listener" daemon [_thread_blocked, id=2704, stack(0x0d180000,0x0d200000)]
  0x0712b800 JavaThread "Finalizer" daemon [_thread_blocked, id=3644, stack(0x0d100000,0x0d180000)]
  0x07126400 JavaThread "Reference Handler" daemon [_thread_blocked, id=5068, stack(0x0d080000,0x0d100000)]
  0x070a8c00 JavaThread "main" [_thread_in_native, id=2884, stack(0x00430000,0x00c30000)]

Other Threads:
  0x07122800 VMThread [stack: 0x0c880000,0x0d080000] [id=5768]
  0x0717f400 WatcherThread [stack: 0x0da80000,0x0e280000] [id=5964]

VM state:not at safepoint (normal execution)

VM Mutex/Monitor currently owned by a thread: None

Heap
 def new generation   total 28160K, used 8515K [0x10010000, 0x11e90000, 0x12010000)
  eden space 25088K,  33% used [0x10010000, 0x10860d00, 0x11890000)
  from space 3072K,   0% used [0x11b90000, 0x11b90000, 0x11e90000)
  to   space 3072K,   0% used [0x11890000, 0x11890000, 0x11b90000)
 tenured generation   total 93476K, used 50181K [0x12010000, 0x17b59000, 0x18010000)
   the space 93476K,  53% used [0x12010000, 0x151116f8, 0x15111800, 0x17b59000)
 compacting perm gen  total 49920K, used 49775K [0x18010000, 0x1b0d0000, 0x1e010000)
   the space 49920K,  99% used [0x18010000, 0x1b0abce0, 0x1b0abe00, 0x1b0d0000)
No shared spaces configured.

Dynamic libraries:
0x00400000 - 0x00425000 	C:\Program Files\MATLAB\R2013a\bin\win32\MATLAB.exe
0x76f50000 - 0x7708c000 	C:\Windows\SYSTEM32\ntdll.dll
0x75b20000 - 0x75bf4000 	C:\Windows\system32\kernel32.dll
0x75110000 - 0x7515b000 	C:\Windows\system32\KERNELBASE.dll
0x7ef10000 - 0x7efa1000 	C:\Program Files\MATLAB\R2013a\bin\win32\libut.dll
0x7dce0000 - 0x7dd75000 	C:\Program Files\MATLAB\R2013a\bin\win32\libmwi18n.dll
0x10000000 - 0x1000b000 	C:\Program Files\MATLAB\R2013a\bin\win32\libmwresource_core.dll
0x729d0000 - 0x72a39000 	C:\Program Files\MATLAB\R2013a\bin\win32\MSVCP100.dll
0x72910000 - 0x729cf000 	C:\Program Files\MATLAB\R2013a\bin\win32\MSVCR100.dll
0x73ff0000 - 0x73ffc000 	C:\Program Files\MATLAB\R2013a\bin\win32\boost_date_time-vc100-mt-1_49.dll
0x72c90000 - 0x72cb5000 	C:\Program Files\MATLAB\R2013a\bin\win32\boost_filesystem-vc100-mt-1_49.dll
0x73fe0000 - 0x73fe7000 	C:\Program Files\MATLAB\R2013a\bin\win32\boost_system-vc100-mt-1_49.dll
0x75a70000 - 0x75b10000 	C:\Windows\system32\ADVAPI32.dll
0x76ea0000 - 0x76f4c000 	C:\Windows\system32\msvcrt.dll
0x75930000 - 0x75949000 	C:\Windows\SYSTEM32\sechost.dll
0x756c0000 - 0x75761000 	C:\Windows\system32\RPCRT4.dll
0x728e0000 - 0x72901000 	C:\Program Files\MATLAB\R2013a\bin\win32\LIBEXPAT.dll
0x72eb0000 - 0x72ff9000 	C:\Program Files\MATLAB\R2013a\bin\win32\icuin49.dll
0x7ea10000 - 0x7eb17000 	C:\Program Files\MATLAB\R2013a\bin\win32\icuuc49.dll
0x00c30000 - 0x01d52000 	C:\Program Files\MATLAB\R2013a\bin\win32\icudt49.dll
0x73db0000 - 0x73dbd000 	C:\Program Files\MATLAB\R2013a\bin\win32\icuio49.dll
0x00200000 - 0x00353000 	C:\Program Files\MATLAB\R2013a\bin\win32\libmwfl.dll
0x01d60000 - 0x02083000 	C:\Program Files\MATLAB\R2013a\bin\win32\libmwMATLAB_res.dll
0x72820000 - 0x728d4000 	C:\Program Files\MATLAB\R2013a\bin\win32\boost_regex-vc100-mt-1_49.dll
0x75500000 - 0x755c9000 	C:\Windows\system32\USER32.dll
0x75cd0000 - 0x75d1e000 	C:\Windows\system32\GDI32.dll
0x77110000 - 0x7711a000 	C:\Windows\system32\LPK.dll
0x76be0000 - 0x76c7d000 	C:\Windows\system32\USP10.dll
0x73880000 - 0x7388e000 	C:\Program Files\MATLAB\R2013a\bin\win32\boost_signals-vc100-mt-1_49.dll
0x73870000 - 0x7387e000 	C:\Program Files\MATLAB\R2013a\bin\win32\boost_thread-vc100-mt-1_49.dll
0x727a0000 - 0x72814000 	C:\Program Files\MATLAB\R2013a\bin\win32\boost_log-vc100-mt-1_49.dll
0x75c00000 - 0x75c05000 	C:\Windows\system32\PSAPI.DLL
0x75d20000 - 0x75d55000 	C:\Windows\system32\WS2_32.dll
0x755d0000 - 0x755d6000 	C:\Windows\system32\NSI.dll
0x72770000 - 0x72798000 	C:\Program Files\MATLAB\R2013a\bin\win32\tbb.dll
0x75ca0000 - 0x75cca000 	C:\Windows\system32\imagehlp.dll
0x73990000 - 0x739b5000 	C:\Windows\system32\POWRPROF.dll
0x76c80000 - 0x76e1d000 	C:\Windows\system32\SETUPAPI.dll
0x752a0000 - 0x752c7000 	C:\Windows\system32\CFGMGR32.dll
0x75c10000 - 0x75c9f000 	C:\Windows\system32\OLEAUT32.dll
0x769b0000 - 0x76b0c000 	C:\Windows\system32\ole32.dll
0x750f0000 - 0x75102000 	C:\Windows\system32\DEVOBJ.dll
0x00360000 - 0x00379000 	C:\Program Files\MATLAB\R2013a\bin\win32\libmwmfl_scalar.dll
0x71000000 - 0x710eb000 	C:\Windows\system32\dbghelp.dll
0x02090000 - 0x02326000 	C:\Program Files\MATLAB\R2013a\bin\win32\libmwservices.dll
0x7db50000 - 0x7dc0c000 	C:\Program Files\MATLAB\R2013a\bin\win32\libmx.dll
0x72750000 - 0x72768000 	C:\Program Files\MATLAB\R2013a\bin\win32\tbbmalloc.dll
0x72730000 - 0x72744000 	C:\Program Files\MATLAB\R2013a\bin\win32\zlib1.dll
0x00380000 - 0x003bd000 	C:\Program Files\MATLAB\R2013a\bin\win32\libmwregexp.dll
0x7df40000 - 0x7df78000 	C:\Program Files\MATLAB\R2013a\bin\win32\mpath.dll
0x02330000 - 0x02843000 	C:\Program Files\MATLAB\R2013a\bin\win32\mlutil.dll
0x7d670000 - 0x7d6d2000 	C:\Program Files\MATLAB\R2013a\bin\win32\xmlcore.dll
0x02850000 - 0x02a10000 	C:\Program Files\MATLAB\R2013a\bin\win32\xerces-c_2_7.dll
0x003d0000 - 0x003ef000 	C:\Program Files\MATLAB\R2013a\bin\win32\libmwMATLAB_settings_res.dll
0x72c80000 - 0x72c8d000 	C:\Program Files\MATLAB\R2013a\bin\win32\boost_iostreams-vc100-mt-1_49.dll
0x726f0000 - 0x7272e000 	C:\Program Files\MATLAB\R2013a\bin\win32\boost_serialization-vc100-mt-1_49.dll
0x75d60000 - 0x769aa000 	C:\Windows\system32\SHELL32.dll
0x770b0000 - 0x77107000 	C:\Windows\system32\SHLWAPI.dll
0x003f0000 - 0x003f5000 	C:\Program Files\MATLAB\R2013a\bin\win32\libmwnativedisplay.dll
0x02a10000 - 0x02a94000 	C:\Windows\WinSxS\x86_microsoft.windows.common-controls_6595b64144ccf1df_5.82.7601.17514_none_ec83dffa859149af\COMCTL32.dll
0x76e20000 - 0x76e9b000 	C:\Windows\system32\COMDLG32.dll
0x733a0000 - 0x733b1000 	C:\Windows\system32\NETAPI32.dll
0x73390000 - 0x73399000 	C:\Windows\system32\netutils.dll
0x74cd0000 - 0x74ce9000 	C:\Windows\system32\srvcli.dll
0x73380000 - 0x7338f000 	C:\Windows\system32\wkscli.dll
0x7f270000 - 0x7f2f7000 	C:\Program Files\MATLAB\R2013a\bin\win32\mcr.dll
0x02aa0000 - 0x02e2e000 	C:\Program Files\MATLAB\R2013a\bin\win32\iqm.dll
0x7f630000 - 0x7f6b1000 	C:\Program Files\MATLAB\R2013a\bin\win32\m_dispatcher.dll
0x7b920000 - 0x7be74000 	C:\Program Files\MATLAB\R2013a\bin\win32\m_interpreter.dll
0x73dc0000 - 0x73ddc000 	C:\Program Files\MATLAB\R2013a\bin\win32\libmex.dll
0x7d8b0000 - 0x7d910000 	C:\Program Files\MATLAB\R2013a\bin\win32\profiler.dll
0x02e30000 - 0x0309c000 	C:\Program Files\MATLAB\R2013a\bin\win32\libmwmathutil.dll
0x734f0000 - 0x7350f000 	C:\Program Files\MATLAB\R2013a\bin\win32\libmwmathrng.dll
0x030a0000 - 0x030ae000 	C:\Program Files\MATLAB\R2013a\bin\win32\libmwmfl_rng.dll
0x7c390000 - 0x7c43b000 	C:\Program Files\MATLAB\R2013a\bin\win32\libmwmathcore.dll
0x7e000000 - 0x7e048000 	C:\Program Files\MATLAB\R2013a\bin\win32\libmwspmatrix.dll
0x72390000 - 0x72540000 	C:\Program Files\MATLAB\R2013a\bin\win32\mcos.dll
0x030b0000 - 0x030fb000 	C:\Program Files\MATLAB\R2013a\bin\win32\libmwcholmod.dll
0x73e70000 - 0x73e7a000 	C:\Program Files\MATLAB\R2013a\bin\win32\libmwamd.dll
0x72af0000 - 0x72b93000 	C:\Windows\WinSxS\x86_microsoft.vc90.crt_1fc8b3b9a1e18e3b_9.0.30729.6161_none_50934f2ebcb7eb57\MSVCR90.dll
0x73e80000 - 0x73e8a000 	C:\Program Files\MATLAB\R2013a\bin\win32\libmwcolamd.dll
0x03130000 - 0x0313b000 	C:\Program Files\MATLAB\R2013a\bin\win32\libmwblas.dll
0x73d30000 - 0x73d41000 	C:\Program Files\MATLAB\R2013a\bin\win32\libmwbinder.dll
0x73ea0000 - 0x73ea9000 	C:\Program Files\MATLAB\R2013a\bin\win32\libmwompwrapper.dll
0x73030000 - 0x73064000 	C:\Program Files\MATLAB\R2013a\bin\win32\libmwlapack.dll
0x73bf0000 - 0x73c07000 	C:\Program Files\MATLAB\R2013a\bin\win32\m_pcodeio.dll
0x7e080000 - 0x7e0c9000 	C:\Program Files\MATLAB\R2013a\bin\win32\m_ir.dll
0x70000000 - 0x70590000 	C:\Program Files\MATLAB\R2013a\bin\win32\m_parser.dll
0x03140000 - 0x03151000 	C:\Program Files\MATLAB\R2013a\bin\win32\ir_xfmr.dll
0x73e90000 - 0x73e9e000 	C:\Program Files\MATLAB\R2013a\bin\win32\mtok.dll
0x73690000 - 0x736b1000 	C:\Program Files\MATLAB\R2013a\bin\win32\m_pcodegen.dll
0x7e1c0000 - 0x7e1e7000 	C:\Program Files\MATLAB\R2013a\bin\win32\libmwbridge.dll
0x7f390000 - 0x7f421000 	C:\Program Files\MATLAB\R2013a\bin\win32\udd.dll
0x7e6f0000 - 0x7e808000 	C:\Program Files\MATLAB\R2013a\bin\win32\libmwgui.dll
0x73c10000 - 0x73c2d000 	C:\Program Files\MATLAB\R2013a\bin\win32\graphics_util.dll
0x71900000 - 0x719b2000 	C:\Program Files\MATLAB\R2013a\bin\win32\libtex_base.dll
0x03160000 - 0x038ac000 	C:\Program Files\MATLAB\R2013a\bin\win32\hg.dll
0x038b0000 - 0x038f6000 	C:\Program Files\MATLAB\R2013a\bin\win32\libmat.dll
0x03900000 - 0x03ae9000 	C:\Program Files\MATLAB\R2013a\bin\win32\hdf5dll.dll
0x7d9d0000 - 0x7da76000 	C:\Program Files\MATLAB\R2013a\bin\win32\jmi.dll
0x03b00000 - 0x03b0c000 	C:\Program Files\MATLAB\R2013a\bin\win32\nativejava_services.dll
0x732b0000 - 0x732e2000 	C:\Program Files\MATLAB\R2013a\bin\win32\libmwhardcopy.dll
0x7de70000 - 0x7deb8000 	C:\Program Files\MATLAB\R2013a\bin\win32\libuij.dll
0x03b10000 - 0x03ce2000 	C:\Program Files\MATLAB\R2013a\bin\win32\hgdatatypes.dll
0x7d2e0000 - 0x7d39d000 	C:\Program Files\MATLAB\R2013a\bin\win32\hgutils.dll
0x03cf0000 - 0x03d78000 	C:\Program Files\MATLAB\R2013a\bin\win32\udd_mi.dll
0x03d80000 - 0x03dad000 	C:\Program Files\MATLAB\R2013a\bin\win32\libmwgbtutils.dll
0x03db0000 - 0x03dc0000 	C:\Program Files\MATLAB\R2013a\bin\win32\libmwgbt.dll
0x74dc0000 - 0x75065000 	C:\Program Files\MATLAB\R2013a\bin\win32\uiw.dll
0x73ee0000 - 0x73ee8000 	C:\Program Files\MATLAB\R2013a\bin\win32\uinone.dll
0x03dc0000 - 0x03dde000 	C:\Program Files\MATLAB\R2013a\bin\win32\libmwnativefiledialogs.dll
0x03de0000 - 0x03de9000 	C:\Program Files\MATLAB\R2013a\bin\win32\libmwplatform_res.dll
0x03df0000 - 0x03e02000 	C:\Windows\system32\MPR.dll
0x03e10000 - 0x04248000 	C:\Program Files\MATLAB\R2013a\bin\win32\mfc100.dll
0x72ba0000 - 0x72ba5000 	C:\Windows\system32\MSIMG32.dll
0x04250000 - 0x042a1000 	C:\Windows\system32\WINSPOOL.DRV
0x73710000 - 0x73726000 	C:\Program Files\MATLAB\R2013a\bin\win32\mwoles05.DLL
0x7dc40000 - 0x7dc93000 	C:\Program Files\MATLAB\R2013a\bin\win32\comcli.dll
0x718d0000 - 0x718f6000 	C:\Program Files\MATLAB\R2013a\bin\win32\ATL100.DLL
0x73e00000 - 0x73e0a000 	C:\Program Files\MATLAB\R2013a\bin\win32\mlautoregister.dll
0x042b0000 - 0x043ec000 	C:\Program Files\MATLAB\R2013a\bin\win32\mvm.dll
0x77090000 - 0x770af000 	C:\Windows\system32\IMM32.DLL
0x76b10000 - 0x76bdc000 	C:\Windows\system32\MSCTF.dll
0x05830000 - 0x05870000 	C:\Windows\system32\UxTheme.dll
0x73b50000 - 0x73b63000 	C:\Windows\system32\dwmapi.dll
0x734b0000 - 0x734bd000 	C:\Program Files\MATLAB\R2013a\bin\win32\MFC100ENU.DLL
0x05930000 - 0x05972000 	C:\Program Files\MATLAB\R2013a\bin\win32\MVMLocal.dll
0x06ad0000 - 0x06d5b000 	C:\Program Files\MATLAB\R2013a\sys\java\jre\win32\jre\bin\client\jvm.dll

VM Arguments:
jvm_args: -Xss512k -XX:PermSize=32m -Xms64m -XX:NewRatio=3 -XX:MaxPermSize=96m -Xmx128m -XX:MaxDirectMemorySize=1200000000 -Dsun.java2d.noddraw=true -Dsun.awt.nopixfmt=true -Xshare:off -Xrs -Dsun.awt.disableMixing=true -Djava.library.path=C:\Program Files\MATLAB\R2013a\bin\win32;C:\Program Files\MATLAB\R2013a\sys\jxbrowser\win32\lib vfprintf abort 
java_command: <unknown>
Launcher Type: generic

Environment Variables:
CLASSPATH=.;C:\Program Files\Java\jre6\lib\ext\QTJava.zip
PATH=C:\watcom-1.3\binnt;C:\watcom-1.3\binw;C:\Program Files\MiKTeX 2.9\miktex\bin;C:\Windows\system32;C:\Windows;C:\Windows\System32\Wbem;C:\Windows\System32\WindowsPowerShell\v1.0\;C:\Program Files\IVI Foundation\VISA\WinNT\Bin;C:\Program Files\IVI\bin;C:\Program Files\QuickTime\QTSystem\;C:\Program Files\IVI Foundation\VISA\WinNT\Bin\;C:\Program Files\Pinnacle\Shared Files\;C:\Program Files\Pinnacle\Shared Files\Filter\;C:\Program Files\National Instruments\Motion Assistant\bin\mxwplugins;C:\Program Files\MATLAB\R2013a\runtime\win32;C:\Program Files\MATLAB\R2013a\bin
USERNAME=Neukirchner László
OS=Windows_NT
PROCESSOR_IDENTIFIER=x86 Family 6 Model 23 Stepping 10, GenuineIntel



---------------  S Y S T E M  ---------------

OS: Windows 7 Build 7601 Service Pack 1

CPU:total 2 (2 cores per cpu, 1 threads per core) family 6 model 23 stepping 10, cmov, cx8, fxsr, mmx, sse, sse2, sse3, ssse3, sse4.1

Memory: 4k page, physical 2024772k(98672k free), swap 4049544k(1282800k free)

vm_info: Java HotSpot(TM) Client VM (14.3-b01) for windows-x86 JRE (1.6.0_17-b04), built on Oct 11 2009 00:52:06 by "java_re" with MS VC++ 7.1

time: Thu Feb 05 10:46:58 2015
elapsed time: 67733 seconds

