#
# A fatal error has been detected by the Java Runtime Environment:
#
#  EXCEPTION_ACCESS_VIOLATION (0xc0000005) at pc=0x74c409bd, pid=4648, tid=5496
#
# JRE version: 6.0_17-b04
# Java VM: Java HotSpot(TM) Client VM (14.3-b01 mixed mode windows-x86 )
# Problematic frame:
# V  [jvm.dll+0x1109bd]
#
# If you would like to submit a bug report, please visit:
#   http://java.sun.com/webapps/bugreport/crash.jsp
#

---------------  T H R E A D  ---------------

Current thread (0x1e608c00):  JavaThread "AWT-EventQueue-0" [_thread_in_vm, id=5496, stack(0x0fdd0000,0x0fe50000)]

siginfo: ExceptionCode=0xc0000005, reading address 0x00000001

Registers:
EAX=0x00000001, EBX=0x109890c0, ECX=0x00000000, EDX=0x05f1e1f8
ESP=0x0fe4f008, EBP=0x0fe4f014, ESI=0x06e70370, EDI=0x1e6d4bdc
EIP=0x74c409bd, EFLAGS=0x00210202

Top of Stack: (sp=0x0fe4f008)
0x0fe4f008:   1e6d4bdc 05f1e1f8 1e608c00 0fe4f028
0x0fe4f018:   74c40a89 109890c0 109890c0 1e6d4fb4
0x0fe4f028:   0fe4f050 74c222aa 1e6d4bdc 1ebd1088
0x0fe4f038:   1e608d10 1e4fa954 1e608c00 00000000
0x0fe4f048:   1e608d10 1e4fa954 18080728 0df7ff07
0x0fe4f058:   1e608d10 1e4fa954 1e608c00 0e012ad0
0x0fe4f068:   0fe4f0c8 1830c778 fffffff8 fffffff8
0x0fe4f078:   0000055c 000002e0 0dfa9c6d 18080728 

Instructions: (pc=0x74c409bd)
0x74c409ad:   00 00 5e 89 18 5b 5d c2 04 00 8b 86 90 00 00 00
0x74c409bd:   8b 08 5f 89 8e 90 00 00 00 5e 89 18 5b 5d c2 04 


Stack: [0x0fdd0000,0x0fe50000],  sp=0x0fe4f008,  free space=508k
Native frames: (J=compiled Java code, j=interpreted, Vv=VM code, C=native code)
V  [jvm.dll+0x1109bd]
V  [jvm.dll+0x110a89]
V  [jvm.dll+0xf22aa]

Java frames: (J=compiled Java code, j=interpreted, Vv=VM code)
J  sun.awt.windows.WComponentPeer.getLocationOnScreen()Ljava/awt/Point;
J  java.awt.Component.getLocationOnScreen_NoTreeLock()Ljava/awt/Point;
J  java.awt.Component$AccessibleAWTComponent.getLocationOnScreen()Ljava/awt/Point;
J  javax.swing.text.JTextComponent$AccessibleJTextComponent.caretUpdate(Ljavax/swing/event/CaretEvent;)V
J  javax.swing.text.JTextComponent.fireCaretUpdate(Ljavax/swing/event/CaretEvent;)V
J  javax.swing.text.JTextComponent$MutableCaretEvent.fire()V
J  javax.swing.text.JTextComponent$MutableCaretEvent.stateChanged(Ljavax/swing/event/ChangeEvent;)V
J  javax.swing.text.DefaultCaret.fireStateChanged()V
J  javax.swing.text.DefaultCaret.changeCaretPosition(ILjavax/swing/text/Position$Bias;)V
J  javax.swing.text.DefaultCaret.handleSetDot(ILjavax/swing/text/Position$Bias;)V
J  javax.swing.text.DefaultCaret.setDot(ILjavax/swing/text/Position$Bias;)V
J  javax.swing.text.DefaultCaret$Handler.removeUpdate(Ljavax/swing/event/DocumentEvent;)V
J  javax.swing.text.AbstractDocument.fireRemoveUpdate(Ljavax/swing/event/DocumentEvent;)V
J  com.mathworks.mde.cmdwin.CmdWinDocument.removeSpecialCharacters(Lcom/mathworks/mde/cmdwin/CmdWinDocument$CWContent;)V
J  com.mathworks.mde.cmdwin.CmdWinDocument.fixSpecialCharacters(Lcom/mathworks/mde/cmdwin/CmdWinDocument$CWContent;IIZ)V
J  com.mathworks.mde.cmdwin.CmdWinDocument.updateAndAdjustSize(Lcom/mathworks/mde/cmdwin/CmdWinDocument$CWContent;IIZ)V
J  com.mathworks.mde.cmdwin.CmdWinDocument.insertChars(I[CIZ)V
J  com.mathworks.mde.cmdwin.CmdWinDocument.insertBeforePrompt([CIZ)V
J  com.mathworks.mde.cmdwin.CmdWinDocument$FlushRunnable.run()V
J  java.awt.event.InvocationEvent.dispatch()V
J  java.awt.EventQueue.dispatchEvent(Ljava/awt/AWTEvent;)V
J  java.awt.EventDispatchThread.pumpOneEventForFilters(I)Z
J  java.awt.EventDispatchThread.pumpEventsForFilter(ILjava/awt/Conditional;Ljava/awt/EventFilter;)V
j  java.awt.EventDispatchThread.pumpEventsForHierarchy(ILjava/awt/Conditional;Ljava/awt/Component;)V+11
j  java.awt.EventDispatchThread.pumpEvents(ILjava/awt/Conditional;)V+4
j  java.awt.EventDispatchThread.pumpEvents(Ljava/awt/Conditional;)V+3
j  java.awt.EventDispatchThread.run()V+9
v  ~StubRoutines::call_stub

---------------  P R O C E S S  ---------------

Java Threads: ( => current thread )
  0x1e60ec00 JavaThread "Code Analyzer updating thread" [_thread_blocked, id=5752, stack(0x23bc0000,0x23c40000)]
  0x1ecf2800 JavaThread "Swing-Shell" daemon [_thread_blocked, id=896, stack(0x260e0000,0x26160000)]
  0x1e60e000 JavaThread "Active Reference Queue Daemon" daemon [_thread_blocked, id=1640, stack(0x24230000,0x242b0000)]
  0x1e60d800 JavaThread "Timer-1" daemon [_thread_blocked, id=4816, stack(0x241b0000,0x24230000)]
  0x1e60d400 JavaThread "ClipboardMonitor Timer" daemon [_thread_blocked, id=3204, stack(0x240c0000,0x24140000)]
  0x1e60bc00 JavaThread "Explorer NavigationContext request queue" daemon [_thread_blocked, id=4376, stack(0x23fc0000,0x24040000)]
  0x1e60b400 JavaThread "AddressBar directory emptiness poller" daemon [_thread_blocked, id=4400, stack(0x23f40000,0x23fc0000)]
  0x1e60b000 JavaThread "Explorer Refresh Service 7130942" daemon [_thread_blocked, id=3756, stack(0x23ec0000,0x23f40000)]
  0x1e60a400 JavaThread "Thread-4" daemon [_thread_blocked, id=4208, stack(0x20ef0000,0x20f70000)]
  0x1e609800 JavaThread "TimerQueue" daemon [_thread_blocked, id=4916, stack(0x1f9c0000,0x1fa40000)]
  0x1e609000 JavaThread "Thread-3" daemon [_thread_blocked, id=3240, stack(0x0fe50000,0x0fed0000)]
=>0x1e608c00 JavaThread "AWT-EventQueue-0" [_thread_in_vm, id=5496, stack(0x0fdd0000,0x0fe50000)]
  0x1e608400 JavaThread "AWT-Shutdown" [_thread_blocked, id=5460, stack(0x0f900000,0x0f980000)]
  0x1e608000 JavaThread "FelixPackageAdmin" daemon [_thread_blocked, id=5204, stack(0x0fd00000,0x0fd80000)]
  0x1e050400 JavaThread "FelixStartLevel" daemon [_thread_blocked, id=4040, stack(0x0fc80000,0x0fd00000)]
  0x1e529000 JavaThread "FelixDispatchQueue" daemon [_thread_blocked, id=2464, stack(0x0fc00000,0x0fc80000)]
  0x1e4ea400 JavaThread "com.google.common.base.internal.Finalizer" daemon [_thread_blocked, id=4692, stack(0x0fb80000,0x0fc00000)]
  0x06ed6800 JavaThread "AWT-Windows" daemon [_thread_in_native, id=4820, stack(0x0f980000,0x0fa00000)]
  0x06ed3c00 JavaThread "Java2D Disposer" daemon [_thread_blocked, id=1116, stack(0x0f880000,0x0f900000)]
  0x0ee5ec00 JavaThread "Timer-0" [_thread_blocked, id=5432, stack(0x0f730000,0x0f7b0000)]
  0x0eaeec00 JavaThread "EventMgr Dispatcher" daemon [_thread_in_native, id=5136, stack(0x0ee60000,0x0f660000)]
  0x06ebc800 JavaThread "Low Memory Detector" daemon [_thread_blocked, id=3568, stack(0x0d690000,0x0d710000)]
  0x06eb8400 JavaThread "CompilerThread0" daemon [_thread_blocked, id=4492, stack(0x0ce90000,0x0d690000)]
  0x06ead800 JavaThread "Attach Listener" daemon [_thread_blocked, id=2960, stack(0x0ce10000,0x0ce90000)]
  0x06e7a800 JavaThread "Finalizer" daemon [_thread_blocked, id=4664, stack(0x0cd90000,0x0ce10000)]
  0x06e75400 JavaThread "Reference Handler" daemon [_thread_blocked, id=4656, stack(0x0cd10000,0x0cd90000)]
  0x06df8c00 JavaThread "main" [_thread_blocked, id=5468, stack(0x00430000,0x00c30000)]

Other Threads:
  0x06e71800 VMThread [stack: 0x0c510000,0x0cd10000] [id=5684]
  0x06ec9400 WatcherThread [stack: 0x0d710000,0x0df10000] [id=4984]

VM state:not at safepoint (normal execution)

VM Mutex/Monitor currently owned by a thread:  ([mutex/lock_event])
[0x05f1e1f8] JNIGlobalHandle_lock - owner thread: 0x1e608c00

Heap
 def new generation   total 29504K, used 11688K [0x10010000, 0x12010000, 0x12010000)
  eden space 26240K,  37% used [0x10010000, 0x109bbf78, 0x119b0000)
  from space 3264K,  54% used [0x11ce0000, 0x11e9e1a8, 0x12010000)
  to   space 3264K,   0% used [0x119b0000, 0x119b0000, 0x11ce0000)
 tenured generation   total 98304K, used 74473K [0x12010000, 0x18010000, 0x18010000)
   the space 98304K,  75% used [0x12010000, 0x168ca6b8, 0x168ca800, 0x18010000)
 compacting perm gen  total 46592K, used 46473K [0x18010000, 0x1ad90000, 0x1e010000)
   the space 46592K,  99% used [0x18010000, 0x1ad726d8, 0x1ad72800, 0x1ad90000)
No shared spaces configured.

Dynamic libraries:
0x00400000 - 0x00425000 	C:\Program Files\MATLAB\R2013a\bin\win32\MATLAB.exe
0x77020000 - 0x7715c000 	C:\Windows\SYSTEM32\ntdll.dll
0x75650000 - 0x75724000 	C:\Windows\system32\kernel32.dll
0x75290000 - 0x752db000 	C:\Windows\system32\KERNELBASE.dll
0x7ef10000 - 0x7efa1000 	C:\Program Files\MATLAB\R2013a\bin\win32\libut.dll
0x7dce0000 - 0x7dd75000 	C:\Program Files\MATLAB\R2013a\bin\win32\libmwi18n.dll
0x10000000 - 0x1000b000 	C:\Program Files\MATLAB\R2013a\bin\win32\libmwresource_core.dll
0x00200000 - 0x00269000 	C:\Program Files\MATLAB\R2013a\bin\win32\MSVCP100.dll
0x00270000 - 0x0032f000 	C:\Program Files\MATLAB\R2013a\bin\win32\MSVCR100.dll
0x00020000 - 0x0002c000 	C:\Program Files\MATLAB\R2013a\bin\win32\boost_date_time-vc100-mt-1_49.dll
0x00060000 - 0x00085000 	C:\Program Files\MATLAB\R2013a\bin\win32\boost_filesystem-vc100-mt-1_49.dll
0x71da0000 - 0x71da7000 	C:\Program Files\MATLAB\R2013a\bin\win32\boost_system-vc100-mt-1_49.dll
0x75550000 - 0x755f0000 	C:\Windows\system32\ADVAPI32.dll
0x753d0000 - 0x7547c000 	C:\Windows\system32\msvcrt.dll
0x75b90000 - 0x75ba9000 	C:\Windows\SYSTEM32\sechost.dll
0x75f70000 - 0x76011000 	C:\Windows\system32\RPCRT4.dll
0x00330000 - 0x00351000 	C:\Program Files\MATLAB\R2013a\bin\win32\LIBEXPAT.dll
0x72eb0000 - 0x72ff9000 	C:\Program Files\MATLAB\R2013a\bin\win32\icuin49.dll
0x7ea10000 - 0x7eb17000 	C:\Program Files\MATLAB\R2013a\bin\win32\icuuc49.dll
0x00c30000 - 0x01d52000 	C:\Program Files\MATLAB\R2013a\bin\win32\icudt49.dll
0x73db0000 - 0x73dbd000 	C:\Program Files\MATLAB\R2013a\bin\win32\icuio49.dll
0x01d60000 - 0x01eb3000 	C:\Program Files\MATLAB\R2013a\bin\win32\libmwfl.dll
0x01ec0000 - 0x021e3000 	C:\Program Files\MATLAB\R2013a\bin\win32\libmwMATLAB_res.dll
0x021f0000 - 0x022a4000 	C:\Program Files\MATLAB\R2013a\bin\win32\boost_regex-vc100-mt-1_49.dll
0x75480000 - 0x75549000 	C:\Windows\system32\USER32.dll
0x755f0000 - 0x7563e000 	C:\Windows\system32\GDI32.dll
0x75640000 - 0x7564a000 	C:\Windows\system32\LPK.dll
0x75930000 - 0x759cd000 	C:\Windows\system32\USP10.dll
0x003a0000 - 0x003ae000 	C:\Program Files\MATLAB\R2013a\bin\win32\boost_signals-vc100-mt-1_49.dll
0x003b0000 - 0x003be000 	C:\Program Files\MATLAB\R2013a\bin\win32\boost_thread-vc100-mt-1_49.dll
0x022b0000 - 0x02324000 	C:\Program Files\MATLAB\R2013a\bin\win32\boost_log-vc100-mt-1_49.dll
0x77160000 - 0x77165000 	C:\Windows\system32\PSAPI.DLL
0x75e80000 - 0x75eb5000 	C:\Windows\system32\WS2_32.dll
0x75bb0000 - 0x75bb6000 	C:\Windows\system32\NSI.dll
0x003c0000 - 0x003e8000 	C:\Program Files\MATLAB\R2013a\bin\win32\tbb.dll
0x75e40000 - 0x75e6a000 	C:\Windows\system32\imagehlp.dll
0x74370000 - 0x74395000 	C:\Windows\system32\POWRPROF.dll
0x75bc0000 - 0x75d5d000 	C:\Windows\system32\SETUPAPI.dll
0x75260000 - 0x75287000 	C:\Windows\system32\CFGMGR32.dll
0x75db0000 - 0x75e3f000 	C:\Windows\system32\OLEAUT32.dll
0x76020000 - 0x7617c000 	C:\Windows\system32\ole32.dll
0x75310000 - 0x75322000 	C:\Windows\system32\DEVOBJ.dll
0x02330000 - 0x02349000 	C:\Program Files\MATLAB\R2013a\bin\win32\libmwmfl_scalar.dll
0x02350000 - 0x0243b000 	C:\Windows\system32\dbghelp.dll
0x02440000 - 0x026d6000 	C:\Program Files\MATLAB\R2013a\bin\win32\libmwservices.dll
0x7db50000 - 0x7dc0c000 	C:\Program Files\MATLAB\R2013a\bin\win32\libmx.dll
0x026e0000 - 0x026f8000 	C:\Program Files\MATLAB\R2013a\bin\win32\tbbmalloc.dll
0x02700000 - 0x02714000 	C:\Program Files\MATLAB\R2013a\bin\win32\zlib1.dll
0x02720000 - 0x0275d000 	C:\Program Files\MATLAB\R2013a\bin\win32\libmwregexp.dll
0x7df40000 - 0x7df78000 	C:\Program Files\MATLAB\R2013a\bin\win32\mpath.dll
0x72990000 - 0x72ea3000 	C:\Program Files\MATLAB\R2013a\bin\win32\mlutil.dll
0x7d670000 - 0x7d6d2000 	C:\Program Files\MATLAB\R2013a\bin\win32\xmlcore.dll
0x02760000 - 0x02920000 	C:\Program Files\MATLAB\R2013a\bin\win32\xerces-c_2_7.dll
0x02920000 - 0x0293f000 	C:\Program Files\MATLAB\R2013a\bin\win32\libmwMATLAB_settings_res.dll
0x02940000 - 0x0294d000 	C:\Program Files\MATLAB\R2013a\bin\win32\boost_iostreams-vc100-mt-1_49.dll
0x02950000 - 0x0298e000 	C:\Program Files\MATLAB\R2013a\bin\win32\boost_serialization-vc100-mt-1_49.dll
0x762b0000 - 0x76efa000 	C:\Windows\system32\SHELL32.dll
0x771f0000 - 0x77247000 	C:\Windows\system32\SHLWAPI.dll
0x02990000 - 0x02995000 	C:\Program Files\MATLAB\R2013a\bin\win32\libmwnativedisplay.dll
0x029a0000 - 0x02a24000 	C:\Windows\WinSxS\x86_microsoft.windows.common-controls_6595b64144ccf1df_5.82.7601.17514_none_ec83dffa859149af\COMCTL32.dll
0x77170000 - 0x771eb000 	C:\Windows\system32\COMDLG32.dll
0x733a0000 - 0x733b1000 	C:\Windows\system32\NETAPI32.dll
0x73390000 - 0x73399000 	C:\Windows\system32\netutils.dll
0x74ec0000 - 0x74ed9000 	C:\Windows\system32\srvcli.dll
0x73380000 - 0x7338f000 	C:\Windows\system32\wkscli.dll
0x7f270000 - 0x7f2f7000 	C:\Program Files\MATLAB\R2013a\bin\win32\mcr.dll
0x02a30000 - 0x02dbe000 	C:\Program Files\MATLAB\R2013a\bin\win32\iqm.dll
0x7f630000 - 0x7f6b1000 	C:\Program Files\MATLAB\R2013a\bin\win32\m_dispatcher.dll
0x7b920000 - 0x7be74000 	C:\Program Files\MATLAB\R2013a\bin\win32\m_interpreter.dll
0x73dc0000 - 0x73ddc000 	C:\Program Files\MATLAB\R2013a\bin\win32\libmex.dll
0x7d8b0000 - 0x7d910000 	C:\Program Files\MATLAB\R2013a\bin\win32\profiler.dll
0x02dc0000 - 0x0302c000 	C:\Program Files\MATLAB\R2013a\bin\win32\libmwmathutil.dll
0x734f0000 - 0x7350f000 	C:\Program Files\MATLAB\R2013a\bin\win32\libmwmathrng.dll
0x03030000 - 0x0303e000 	C:\Program Files\MATLAB\R2013a\bin\win32\libmwmfl_rng.dll
0x7c390000 - 0x7c43b000 	C:\Program Files\MATLAB\R2013a\bin\win32\libmwmathcore.dll
0x7e000000 - 0x7e048000 	C:\Program Files\MATLAB\R2013a\bin\win32\libmwspmatrix.dll
0x72390000 - 0x72540000 	C:\Program Files\MATLAB\R2013a\bin\win32\mcos.dll
0x03040000 - 0x0308b000 	C:\Program Files\MATLAB\R2013a\bin\win32\libmwcholmod.dll
0x73e70000 - 0x73e7a000 	C:\Program Files\MATLAB\R2013a\bin\win32\libmwamd.dll
0x030b0000 - 0x03153000 	C:\Windows\WinSxS\x86_microsoft.vc90.crt_1fc8b3b9a1e18e3b_9.0.30729.6161_none_50934f2ebcb7eb57\MSVCR90.dll
0x73e80000 - 0x73e8a000 	C:\Program Files\MATLAB\R2013a\bin\win32\libmwcolamd.dll
0x03170000 - 0x0317b000 	C:\Program Files\MATLAB\R2013a\bin\win32\libmwblas.dll
0x73d30000 - 0x73d41000 	C:\Program Files\MATLAB\R2013a\bin\win32\libmwbinder.dll
0x73ea0000 - 0x73ea9000 	C:\Program Files\MATLAB\R2013a\bin\win32\libmwompwrapper.dll
0x73030000 - 0x73064000 	C:\Program Files\MATLAB\R2013a\bin\win32\libmwlapack.dll
0x73bf0000 - 0x73c07000 	C:\Program Files\MATLAB\R2013a\bin\win32\m_pcodeio.dll
0x7e080000 - 0x7e0c9000 	C:\Program Files\MATLAB\R2013a\bin\win32\m_ir.dll
0x70000000 - 0x70590000 	C:\Program Files\MATLAB\R2013a\bin\win32\m_parser.dll
0x03180000 - 0x03191000 	C:\Program Files\MATLAB\R2013a\bin\win32\ir_xfmr.dll
0x73e90000 - 0x73e9e000 	C:\Program Files\MATLAB\R2013a\bin\win32\mtok.dll
0x73690000 - 0x736b1000 	C:\Program Files\MATLAB\R2013a\bin\win32\m_pcodegen.dll
0x7e1c0000 - 0x7e1e7000 	C:\Program Files\MATLAB\R2013a\bin\win32\libmwbridge.dll
0x7f390000 - 0x7f421000 	C:\Program Files\MATLAB\R2013a\bin\win32\udd.dll
0x7e6f0000 - 0x7e808000 	C:\Program Files\MATLAB\R2013a\bin\win32\libmwgui.dll
0x73c10000 - 0x73c2d000 	C:\Program Files\MATLAB\R2013a\bin\win32\graphics_util.dll
0x031a0000 - 0x03252000 	C:\Program Files\MATLAB\R2013a\bin\win32\libtex_base.dll
0x03260000 - 0x039ac000 	C:\Program Files\MATLAB\R2013a\bin\win32\hg.dll
0x039b0000 - 0x039f6000 	C:\Program Files\MATLAB\R2013a\bin\win32\libmat.dll
0x03a00000 - 0x03be9000 	C:\Program Files\MATLAB\R2013a\bin\win32\hdf5dll.dll
0x7d9d0000 - 0x7da76000 	C:\Program Files\MATLAB\R2013a\bin\win32\jmi.dll
0x03c00000 - 0x03c0c000 	C:\Program Files\MATLAB\R2013a\bin\win32\nativejava_services.dll
0x732b0000 - 0x732e2000 	C:\Program Files\MATLAB\R2013a\bin\win32\libmwhardcopy.dll
0x7de70000 - 0x7deb8000 	C:\Program Files\MATLAB\R2013a\bin\win32\libuij.dll
0x03c10000 - 0x03de2000 	C:\Program Files\MATLAB\R2013a\bin\win32\hgdatatypes.dll
0x7d2e0000 - 0x7d39d000 	C:\Program Files\MATLAB\R2013a\bin\win32\hgutils.dll
0x03df0000 - 0x03e78000 	C:\Program Files\MATLAB\R2013a\bin\win32\udd_mi.dll
0x03e80000 - 0x03ead000 	C:\Program Files\MATLAB\R2013a\bin\win32\libmwgbtutils.dll
0x03eb0000 - 0x03ec0000 	C:\Program Files\MATLAB\R2013a\bin\win32\libmwgbt.dll
0x03ec0000 - 0x04165000 	C:\Program Files\MATLAB\R2013a\bin\win32\uiw.dll
0x73ee0000 - 0x73ee8000 	C:\Program Files\MATLAB\R2013a\bin\win32\uinone.dll
0x04170000 - 0x0418e000 	C:\Program Files\MATLAB\R2013a\bin\win32\libmwnativefiledialogs.dll
0x04190000 - 0x04199000 	C:\Program Files\MATLAB\R2013a\bin\win32\libmwplatform_res.dll
0x041a0000 - 0x041b2000 	C:\Windows\system32\MPR.dll
0x041c0000 - 0x045f8000 	C:\Program Files\MATLAB\R2013a\bin\win32\mfc100.dll
0x04600000 - 0x04605000 	C:\Windows\system32\MSIMG32.dll
0x04610000 - 0x04661000 	C:\Windows\system32\WINSPOOL.DRV
0x73710000 - 0x73726000 	C:\Program Files\MATLAB\R2013a\bin\win32\mwoles05.DLL
0x7dc40000 - 0x7dc93000 	C:\Program Files\MATLAB\R2013a\bin\win32\comcli.dll
0x04670000 - 0x04696000 	C:\Program Files\MATLAB\R2013a\bin\win32\ATL100.DLL
0x73e00000 - 0x73e0a000 	C:\Program Files\MATLAB\R2013a\bin\win32\mlautoregister.dll
0x046a0000 - 0x047dc000 	C:\Program Files\MATLAB\R2013a\bin\win32\mvm.dll
0x75ec0000 - 0x75edf000 	C:\Windows\system32\IMM32.DLL
0x76180000 - 0x7624c000 	C:\Windows\system32\MSCTF.dll
0x73c70000 - 0x73cb0000 	C:\Windows\system32\UxTheme.dll
0x73940000 - 0x73953000 	C:\Windows\system32\dwmapi.dll
0x05bc0000 - 0x05bcd000 	C:\Program Files\MATLAB\R2013a\bin\win32\MFC100ENU.DLL
0x05c20000 - 0x05c62000 	C:\Program Files\MATLAB\R2013a\bin\win32\MVMLocal.dll
0x74b30000 - 0x74dbb000 	C:\Program Files\MATLAB\R2013a\sys\java\jre\win32\jre\bin\client\jvm.dll

VM Arguments:
jvm_args: -Xss512k -XX:PermSize=32m -Xms64m -XX:NewRatio=3 -XX:MaxPermSize=96m -Xmx128m -XX:MaxDirectMemorySize=1200000000 -Dsun.java2d.noddraw=true -Dsun.awt.nopixfmt=true -Xshare:off -Xrs -Dsun.awt.disableMixing=true -Djava.library.path=C:\Program Files\MATLAB\R2013a\bin\win32;C:\Program Files\MATLAB\R2013a\sys\jxbrowser\win32\lib vfprintf abort 
java_command: <unknown>
Launcher Type: generic

Environment Variables:
CLASSPATH=.;C:\Program Files\Java\jre6\lib\ext\QTJava.zip
PATH=C:\watcom-1.3\binnt;C:\watcom-1.3\binw;C:\Program Files\MiKTeX 2.9\miktex\bin;C:\Windows\system32;C:\Windows;C:\Windows\System32\Wbem;C:\Windows\System32\WindowsPowerShell\v1.0\;C:\Program Files\IVI Foundation\VISA\WinNT\Bin;C:\Program Files\IVI\bin;C:\Program Files\QuickTime\QTSystem\;C:\Program Files\IVI Foundation\VISA\WinNT\Bin\;C:\Program Files\Pinnacle\Shared Files\;C:\Program Files\Pinnacle\Shared Files\Filter\;C:\Program Files\National Instruments\Motion Assistant\bin\mxwplugins;C:\Program Files\MATLAB\R2013a\runtime\win32;C:\Program Files\MATLAB\R2013a\bin
USERNAME=Neukirchner László
OS=Windows_NT
PROCESSOR_IDENTIFIER=x86 Family 6 Model 23 Stepping 10, GenuineIntel



---------------  S Y S T E M  ---------------

OS: Windows 7 Build 7601 Service Pack 1

CPU:total 2 (2 cores per cpu, 1 threads per core) family 6 model 23 stepping 10, cmov, cx8, fxsr, mmx, sse, sse2, sse3, ssse3, sse4.1

Memory: 4k page, physical 2024772k(729032k free), swap 4049544k(1860752k free)

vm_info: Java HotSpot(TM) Client VM (14.3-b01) for windows-x86 JRE (1.6.0_17-b04), built on Oct 11 2009 00:52:06 by "java_re" with MS VC++ 7.1

time: Fri May 01 10:41:19 2015
elapsed time: 91719 seconds

